<?xml version="1.0" encoding="UTF-8"?>
<!-- Generated by org.testng.reporters.JUnitXMLReporter -->
<testsuite ignored="0" hostname="Mobassaras-MBP" failures="0" tests="1" name="Surefire test" time="0.066" errors="0" timestamp="2020-09-02T23:58:38 EDT">
  <testcase classname="common.WebAPI" name="@BeforeMethod setUp" time="0.047">
    <failure type="java.lang.IllegalStateException" message="The driver executable does not exist: /Users/mobassaratabassum/IdeaProjects/MentoringAutomationFramework_Tasmi/ATNT/../Generic/BrowserDriver/windows/chromedriver.exe">
      <![CDATA[java.lang.IllegalStateException: The driver executable does not exist: /Users/mobassaratabassum/IdeaProjects/MentoringAutomationFramework_Tasmi/ATNT/../Generic/BrowserDriver/windows/chromedriver.exe
at com.google.common.base.Preconditions.checkState(Preconditions.java:585)
at org.openqa.selenium.remote.service.DriverService.checkExecutable(DriverService.java:146)
at org.openqa.selenium.remote.service.DriverService.findExecutable(DriverService.java:141)
at org.openqa.selenium.chrome.ChromeDriverService.access$000(ChromeDriverService.java:35)
at org.openqa.selenium.chrome.ChromeDriverService$Builder.findDefaultExecutable(ChromeDriverService.java:159)
at org.openqa.selenium.remote.service.DriverService$Builder.build(DriverService.java:355)
at org.openqa.selenium.chrome.ChromeDriverService.createDefaultService(ChromeDriverService.java:94)
at org.openqa.selenium.chrome.ChromeDriver.<init>(ChromeDriver.java:157)
at common.WebAPI.getLocalDriver(WebAPI.java:167)
at common.WebAPI.setUp(WebAPI.java:143)
at java.base/java.util.ArrayList.forEach(ArrayList.java:1541)
... Removed 36 stack frames]]>
    </failure>
  </testcase> <!-- @BeforeMethod setUp -->
  <testcase classname="common.WebAPI" name="@BeforeMethod startExtent" time="-1.59910551881E9">
    <skipped/>
  </testcase> <!-- @BeforeMethod startExtent -->
  <testcase classname="testSearch.SearchTest" name="@BeforeMethod getInit" time="-1.59910551881E9">
    <skipped/>
  </testcase> <!-- @BeforeMethod getInit -->
  <testcase classname="common.WebAPI" name="@AfterMethod afterEachTestMethod" time="-1.599105518811E9">
    <skipped/>
  </testcase> <!-- @AfterMethod afterEachTestMethod -->
  <testcase classname="common.WebAPI" name="@AfterMethod cleanUp" time="0.0">
    <failure type="java.lang.NullPointerException">
      <![CDATA[java.lang.NullPointerException
at common.WebAPI.cleanUp(WebAPI.java:205)
at java.base/java.util.ArrayList.forEach(ArrayList.java:1541)
... Removed 37 stack frames]]>
    </failure>
  </testcase> <!-- @AfterMethod cleanUp -->
  <testcase classname="testSearch.SearchTest" name="testSearch" time="0.0">
    <skipped/>
  </testcase> <!-- testSearch -->
</testsuite> <!-- Surefire test -->
